<?xml version="1.0" encoding="utf-8"?><testsuites name="pytest tests"><testsuite name="pytest" errors="0" failures="0" skipped="0" tests="16" time="10.887" timestamp="2026-04-23T05:48:03.062093+00:00" hostname="agent-env-d413e18e-8ba3-4d69-9d42-b0ed3cb46209"><testcase classname="backend.tests.backend_test" name="test_root" time="0.240" /><testcase classname="backend.tests.backend_test" name="test_signup_duplicate_and_public_user_shape" time="0.613" /><testcase classname="backend.tests.backend_test" name="test_me_with_token" time="0.148" /><testcase classname="backend.tests.backend_test" name="test_me_without_token" time="0.141" /><testcase classname="backend.tests.backend_test" name="test_me_invalid_token" time="0.145" /><testcase classname="backend.tests.backend_test" name="test_login_invalid" time="0.324" /><testcase classname="backend.tests.backend_test" name="test_update_profile_sets_onboarded" time="0.153" /><testcase classname="backend.tests.backend_test" name="test_medications_crud_and_missed_creates_alert" time="0.476" /><testcase classname="backend.tests.backend_test" name="test_alert_mark_read" time="0.201" /><testcase classname="backend.tests.backend_test" name="test_sos_trigger_and_history" time="0.281" /><testcase classname="backend.tests.backend_test" name="test_dashboard" time="0.106" /><testcase classname="backend.tests.backend_test" name="test_coach_chat_returns_reply" time="2.556" /><testcase classname="backend.tests.backend_test" name="test_food_analyze_by_name" time="1.333" /><testcase classname="backend.tests.backend_test" name="test_food_analyze_by_image" time="1.862" /><testcase classname="backend.tests.backend_test" name="test_food_analyze_missing_input" time="0.132" /><testcase classname="backend.tests.backend_test" name="test_voice_summary" time="1.797" /></testsuite></testsuites>